"G:/Documents/Unreal Projects/Poltergeists/Content/M_GhostCloth.uasset" 0
"G:/Documents/Unreal Projects/Poltergeists/Content/SizeRef.uasset" 1
"G:/Documents/Unreal Projects/Poltergeists/Content/Blueprints/README_ScareSpots.uasset" 2
"G:/Documents/Unreal Projects/Poltergeists/Content/Geometry/Meshes/CubeMaterial.uasset" 3
"G:/Documents/Unreal Projects/Poltergeists/Content/Geometry/Meshes/1M_Cube.uasset" 4
"G:/Documents/Unreal Projects/Poltergeists/Content/Geometry/Meshes/1M_Cube_Chamfer.uasset" 5
"G:/Documents/Unreal Projects/Poltergeists/Content/Geometry/Meshes/TemplateFloor.uasset" 6
"../../../Engine/Content/EngineMeshes/Humanoid.uasset" 7
"G:/Documents/Unreal Projects/Poltergeists/Content/Mannequin/Character/Mesh/UE4_Mannequin_Skeleton.uasset" 8
"G:/Documents/Unreal Projects/Poltergeists/Content/Mannequin/Animations/ThirdPersonJump_End.uasset" 9
"G:/Documents/Unreal Projects/Poltergeists/Content/Blueprints/AI/Mesh/T_PolygonScifi_01_A.uasset" 10
"G:/Documents/Unreal Projects/Poltergeists/Content/Blueprints/AI/Mesh/T_PolygonScifi_Emissive_01.uasset" 11
"G:/Documents/Unreal Projects/Poltergeists/Content/Blueprints/AI/Mesh/T_PolygonSciFiCity_Texture_Metallic.uasset" 12
"G:/Documents/Unreal Projects/Poltergeists/Content/Blueprints/AI/Mesh/T_PolygonSciFiCity_Texture_Normal.uasset" 13
"G:/Documents/Unreal Projects/Poltergeists/Content/Blueprints/AI/Mesh/T_PolygonSciFiCity_Texture_Roughness.uasset" 14
"G:/Documents/Unreal Projects/Poltergeists/Content/Blueprints/AI/Mesh/Mat_PolygonScifi_01_A.uasset" 15
"G:/Documents/Unreal Projects/Poltergeists/Content/Mannequin/Character/Mat_PolygonScifi_01_A.uasset" 16
"G:/Documents/Unreal Projects/Poltergeists/Content/Blueprints/AI/Mesh/SK_Character_Cyber_Female_01.uasset" 17
"G:/Documents/Unreal Projects/Poltergeists/Content/Mannequin/Character/SK_Character_Cyber_Female_01.uasset" 18
"G:/Documents/Unreal Projects/Poltergeists/Content/StarterContent/Materials/M_Basic_Wall.uasset" 19
"G:/Documents/Unreal Projects/Poltergeists/Content/StarterContent/Architecture/Pillar_50x500.uasset" 20
"G:/Documents/Unreal Projects/Poltergeists/Content/StarterContent/Architecture/Wall_400x300.uasset" 21
"G:/Documents/Unreal Projects/Poltergeists/Content/StarterContent/Architecture/Wall_400x400.uasset" 22
"G:/Documents/Unreal Projects/Poltergeists/Content/StarterContent/Architecture/Wall_500x500.uasset" 23
"G:/Documents/Unreal Projects/Poltergeists/Content/StarterContent/Architecture/Wall_Door_400x400.uasset" 24
"G:/Documents/Unreal Projects/Poltergeists/Content/StarterContent/Architecture/Wall_Window_400x400.uasset" 25
"G:/Documents/Unreal Projects/Poltergeists/Content/StarterContent/Audio/Collapse01.uasset" 26
"G:/Documents/Unreal Projects/Poltergeists/Content/StarterContent/Audio/Collapse02.uasset" 27
"G:/Documents/Unreal Projects/Poltergeists/Content/StarterContent/Audio/Explosion01.uasset" 28
"G:/Documents/Unreal Projects/Poltergeists/Content/StarterContent/Audio/Explosion02.uasset" 29
"G:/Documents/Unreal Projects/Poltergeists/Content/StarterContent/Audio/Fire01.uasset" 30
"G:/Documents/Unreal Projects/Poltergeists/Content/StarterContent/Audio/Fire_Sparks01.uasset" 31
"G:/Documents/Unreal Projects/Poltergeists/Content/StarterContent/Audio/Light01.uasset" 32
"G:/Documents/Unreal Projects/Poltergeists/Content/StarterContent/Audio/Light01_Cue.uasset" 33
"G:/Documents/Unreal Projects/Poltergeists/Content/StarterContent/Audio/Light02.uasset" 34
"G:/Documents/Unreal Projects/Poltergeists/Content/StarterContent/Audio/Light02_Cue.uasset" 35
"G:/Documents/Unreal Projects/Poltergeists/Content/StarterContent/Audio/Smoke01.uasset" 36
"G:/Documents/Unreal Projects/Poltergeists/Content/StarterContent/Audio/Starter_Birds01.uasset" 37
"G:/Documents/Unreal Projects/Poltergeists/Content/StarterContent/Audio/Starter_Music01.uasset" 38
"G:/Documents/Unreal Projects/Poltergeists/Content/StarterContent/Audio/Starter_Wind05.uasset" 39
"G:/Documents/Unreal Projects/Poltergeists/Content/StarterContent/Audio/Starter_Wind06.uasset" 40
"G:/Documents/Unreal Projects/Poltergeists/Content/StarterContent/Audio/Steam01.uasset" 41
"G:/Documents/Unreal Projects/Poltergeists/Content/StarterContent/Audio/Explosion_Cue.uasset" 42
"G:/Documents/Unreal Projects/Poltergeists/Content/StarterContent/Textures/T_Burst_M.uasset" 43
"G:/Documents/Unreal Projects/Poltergeists/Content/StarterContent/Particles/Materials/M_Burst.uasset" 44
"G:/Documents/Unreal Projects/Poltergeists/Content/StarterContent/Textures/T_Explosion_SubUV.uasset" 45
"G:/Documents/Unreal Projects/Poltergeists/Content/StarterContent/Particles/Materials/M_explosion_subUV.uasset" 46
"G:/Documents/Unreal Projects/Poltergeists/Content/StarterContent/Particles/Materials/m_flare_01.uasset" 47
"../../../Engine/Content/Functions/Engine_MaterialFunctions01/Gradient/RadialGradient.uasset" 48
"G:/Documents/Unreal Projects/Poltergeists/Content/StarterContent/Particles/Materials/M_radial_ramp.uasset" 49
"G:/Documents/Unreal Projects/Poltergeists/Content/StarterContent/Textures/T_Smoke_SubUV.uasset" 50
"G:/Documents/Unreal Projects/Poltergeists/Content/StarterContent/Textures/T_Smoke_Tiled_D.uasset" 51
"G:/Documents/Unreal Projects/Poltergeists/Content/StarterContent/Particles/Materials/M_smoke_subUV.uasset" 52
"G:/Documents/Unreal Projects/Poltergeists/Content/StarterContent/Particles/P_Explosion.uasset" 53
"G:/Documents/Unreal Projects/Poltergeists/Content/StarterContent/Blueprints/Blueprint_Effect_Explosion.uasset" 54
"../../../Engine/Content/EditorMeshes/ColorCalibrator/T_ColorGrid.uasset" 55
"G:/Documents/Unreal Projects/Poltergeists/Content/StarterContent/Materials/M_ColorGrid_LowSpec.uasset" 56
"G:/Documents/Unreal Projects/Poltergeists/Content/StarterContent/Textures/T_Bush_D.uasset" 57
"G:/Documents/Unreal Projects/Poltergeists/Content/StarterContent/Textures/T_Bush_N.uasset" 58
"G:/Documents/Unreal Projects/Poltergeists/Content/StarterContent/Props/Materials/M_Bush.uasset" 59
"G:/Documents/Unreal Projects/Poltergeists/Content/StarterContent/Props/SM_Bush.uasset" 60
"G:/Documents/Unreal Projects/Poltergeists/Content/StarterContent/Textures/T_Chair_M.uasset" 61
"G:/Documents/Unreal Projects/Poltergeists/Content/StarterContent/Textures/T_Chair_N.uasset" 62
"G:/Documents/Unreal Projects/Poltergeists/Content/StarterContent/Props/Materials/M_Chair.uasset" 63
"G:/Documents/Unreal Projects/Poltergeists/Content/StarterContent/Props/SM_Couch.uasset" 64
"G:/Documents/Unreal Projects/Poltergeists/Content/StarterContent/Materials/M_Glass.uasset" 65
"G:/Documents/Unreal Projects/Poltergeists/Content/StarterContent/Textures/T_Door_M.uasset" 66
"G:/Documents/Unreal Projects/Poltergeists/Content/StarterContent/Textures/T_Door_N.uasset" 67
"G:/Documents/Unreal Projects/Poltergeists/Content/StarterContent/Props/Materials/M_Door.uasset" 68
"G:/Documents/Unreal Projects/Poltergeists/Content/StarterContent/Props/SM_Door.uasset" 69
"G:/Documents/Unreal Projects/Poltergeists/Content/StarterContent/Props/Materials/M_MaterialSphere.uasset" 70
"G:/Documents/Unreal Projects/Poltergeists/Content/StarterContent/Props/Materials/M_MaterialSphere_Plain.uasset" 71
"G:/Documents/Unreal Projects/Poltergeists/Content/StarterContent/Props/SM_MatPreviewMesh_02.uasset" 72
"../../../Engine/Content/Functions/Engine_MaterialFunctions02/Utility/BlendAngleCorrectedNormals.uasset" 73
"G:/Documents/Unreal Projects/Poltergeists/Content/StarterContent/Textures/T_Detail_Rocky_N.uasset" 74
"G:/Documents/Unreal Projects/Poltergeists/Content/StarterContent/Textures/T_Rock_Basalt_D.uasset" 75
"G:/Documents/Unreal Projects/Poltergeists/Content/StarterContent/Textures/T_RockMesh_M.uasset" 76
"G:/Documents/Unreal Projects/Poltergeists/Content/StarterContent/Textures/T_RockMesh_N.uasset" 77
"G:/Documents/Unreal Projects/Poltergeists/Content/StarterContent/Props/Materials/M_Rock.uasset" 78
"G:/Documents/Unreal Projects/Poltergeists/Content/StarterContent/Props/SM_Rock.uasset" 79
"G:/Documents/Unreal Projects/Poltergeists/Content/StarterContent/Textures/T_Shelf_M.uasset" 80
"G:/Documents/Unreal Projects/Poltergeists/Content/StarterContent/Textures/T_Shelf_N.uasset" 81
"G:/Documents/Unreal Projects/Poltergeists/Content/StarterContent/Props/Materials/M_Shelf.uasset" 82
"G:/Documents/Unreal Projects/Poltergeists/Content/StarterContent/Props/SM_Shelf.uasset" 83
"G:/Documents/Unreal Projects/Poltergeists/Content/StarterContent/Materials/M_Basic_Floor.uasset" 84
"G:/Documents/Unreal Projects/Poltergeists/Content/StarterContent/Props/SM_Stairs.uasset" 85
"G:/Documents/Unreal Projects/Poltergeists/Content/StarterContent/Shapes/Shape_Cone.uasset" 86
"G:/Documents/Unreal Projects/Poltergeists/Content/StarterContent/Shapes/Shape_Cylinder.uasset" 87
"G:/Documents/Unreal Projects/Poltergeists/Content/StarterContent/Shapes/Shape_NarrowCapsule.uasset" 88
"G:/Documents/Unreal Projects/Poltergeists/Content/StarterContent/Shapes/Shape_Pipe.uasset" 89
"G:/Documents/Unreal Projects/Poltergeists/Content/StarterContent/Shapes/Shape_Pipe_180.uasset" 90
"G:/Documents/Unreal Projects/Poltergeists/Content/StarterContent/Shapes/Shape_Pipe_90.uasset" 91
"G:/Documents/Unreal Projects/Poltergeists/Content/StarterContent/Shapes/Shape_Plane.uasset" 92
"G:/Documents/Unreal Projects/Poltergeists/Content/StarterContent/Shapes/Shape_Torus.uasset" 93
"G:/Documents/Unreal Projects/Poltergeists/Content/StarterContent/Shapes/Shape_Trim.uasset" 94
"G:/Documents/Unreal Projects/Poltergeists/Content/StarterContent/Shapes/Shape_Trim_90_In.uasset" 95
"G:/Documents/Unreal Projects/Poltergeists/Content/StarterContent/Shapes/Shape_Trim_90_Out.uasset" 96
"G:/Documents/Unreal Projects/Poltergeists/Content/StarterContent/Shapes/Shape_TriPyramid.uasset" 97
"G:/Documents/Unreal Projects/Poltergeists/Content/StarterContent/Shapes/Shape_Tube.uasset" 98
"G:/Documents/Unreal Projects/Poltergeists/Content/StarterContent/Shapes/Shape_Wedge_A.uasset" 99
"G:/Documents/Unreal Projects/Poltergeists/Content/StarterContent/Shapes/Shape_Wedge_B.uasset" 100
"G:/Documents/Unreal Projects/Poltergeists/Content/StarterContent/Shapes/Shape_WideCapsule.uasset" 101
"G:/Documents/Unreal Projects/Poltergeists/Content/Mannequin/Animations/ThirdPerson_Jump.uasset" 102
"G:/Documents/Unreal Projects/Poltergeists/Content/Mannequin/Animations/ThirdPersonJump_Loop.uasset" 103
"G:/Documents/Unreal Projects/Poltergeists/Content/Mannequin/Animations/ThirdPersonJump_Start.uasset" 104
"G:/Documents/Unreal Projects/Poltergeists/Content/Mannequin/Animations/ThirdPersonIdle.uasset" 105
"G:/Documents/Unreal Projects/Poltergeists/Content/Mannequin/Animations/ThirdPersonRun.uasset" 106
"G:/Documents/Unreal Projects/Poltergeists/Content/Mannequin/Animations/ThirdPersonWalk.uasset" 107
"G:/Documents/Unreal Projects/Poltergeists/Content/Mannequin/Animations/ThirdPerson_IdleRun_2D.uasset" 108
"../../../Engine/Content/EditorBlueprintResources/StandardMacros.uasset" 109
"G:/Documents/Unreal Projects/Poltergeists/Content/Mannequin/Animations/ThirdPerson_AnimBP.uasset" 110
"../../../Engine/Content/Functions/Engine_MaterialFunctions01/Density/ExponentialDensity.uasset" 111
"../../../Engine/Content/Functions/Engine_MaterialFunctions01/Gradient/RadialGradientExponential.uasset" 112
"G:/Documents/Unreal Projects/Poltergeists/Content/TopDownBP/Blueprints/M_Cursor_Decal.uasset" 113
"../../../Engine/Content/Functions/MaterialLayerFunctions/MatLayerBlend_NormalBlend.uasset" 114
"../../../Engine/Content/Functions/MaterialLayerFunctions/MatLayerBlend_Simple.uasset" 115
"G:/Documents/Unreal Projects/Poltergeists/Content/Mannequin/Character/Materials/MaterialLayers/T_ML_Rubber_Blue_01_D.uasset" 116
"G:/Documents/Unreal Projects/Poltergeists/Content/Mannequin/Character/Materials/MaterialLayers/T_ML_Rubber_Blue_01_N.uasset" 117
"G:/Documents/Unreal Projects/Poltergeists/Content/Mannequin/Character/Materials/MaterialLayers/ML_GlossyBlack_Latex_UE4.uasset" 118
"G:/Documents/Unreal Projects/Poltergeists/Content/Mannequin/Character/Materials/MaterialLayers/ML_Plastic_Shiny_Beige.uasset" 119
"G:/Documents/Unreal Projects/Poltergeists/Content/Mannequin/Character/Textures/UE4_LOGO_CARD.uasset" 120
"G:/Documents/Unreal Projects/Poltergeists/Content/Mannequin/Character/Materials/MaterialLayers/ML_Plastic_Shiny_Beige_LOGO.uasset" 121
"G:/Documents/Unreal Projects/Poltergeists/Content/Mannequin/Character/Materials/MaterialLayers/T_ML_Aluminum01.uasset" 122
"G:/Documents/Unreal Projects/Poltergeists/Content/Mannequin/Character/Materials/MaterialLayers/T_ML_Aluminum01_N.uasset" 123
"G:/Documents/Unreal Projects/Poltergeists/Content/Mannequin/Character/Materials/MaterialLayers/ML_SoftMetal_UE4.uasset" 124
"G:/Documents/Unreal Projects/Poltergeists/Content/Mannequin/Character/Textures/UE4_Mannequin__normals.uasset" 125
"G:/Documents/Unreal Projects/Poltergeists/Content/Mannequin/Character/Textures/UE4_Mannequin_MAT_MASKA.uasset" 126
"G:/Documents/Unreal Projects/Poltergeists/Content/Mannequin/Character/Materials/M_UE4Man_Body.uasset" 127
"G:/Documents/Unreal Projects/Poltergeists/Content/Mannequin/Character/Textures/UE4Man_Logo_N.uasset" 128
"G:/Documents/Unreal Projects/Poltergeists/Content/Mannequin/Character/Materials/M_UE4Man_ChestLogo.uasset" 129
"G:/Documents/Unreal Projects/Poltergeists/Content/Blueprints/AI/Mesh/SK_Character_SciFiCity_PhysicsAsset.uasset" 130
"G:/Documents/Unreal Projects/Poltergeists/Content/Mannequin/Character/Mesh/SK_Mannequin_PhysicsAsset.uasset" 131
"G:/Documents/Unreal Projects/Poltergeists/Content/Mannequin/Character/Mesh/SK_Mannequin.uasset" 132
"G:/Documents/Unreal Projects/Poltergeists/Content/TopDownBP/Blueprints/TopDownCharacter.uasset" 133
"G:/Documents/Unreal Projects/Poltergeists/Content/TopDownBP/Blueprints/TopDownController.uasset" 134
"G:/Documents/Unreal Projects/Poltergeists/Content/TopDownBP/Blueprints/TopDownGameMode.uasset" 135
"../../../Engine/Content/Animation/DefaultAnimCurveCompressionSettings.uasset" 136
"../../../Engine/Content/Functions/Engine_MaterialFunctions01/Opacity/CameraDepthFade.uasset" 137
"../../../Engine/Content/EngineMaterials/T_Default_Material_Grid_M.uasset" 138
"../../../Engine/Content/EngineMaterials/T_Default_Material_Grid_N.uasset" 139
"../../../Engine/Content/EngineMaterials/WorldGridMaterial.uasset" 140
"../../../Engine/Content/ArtTools/RenderToTexture/Meshes/S_1_Unit_Plane.uasset" 141
"../../../Engine/Content/EngineMaterials/DefaultMaterial.uasset" 142
"../../../Engine/Content/BasicShapes/Cone.uasset" 143
"../../../Engine/Content/BasicShapes/Cylinder.uasset" 144
"../../../Engine/Content/BasicShapes/Plane.uasset" 145
"../../../Engine/Content/BasicShapes/Sphere.uasset" 146
"../../../Engine/Content/EditorLandscapeResources/DataLayer.uasset" 147
"../../../Engine/Content/EditorMaterials/GizmoMaterial.uasset" 148
"../../../Engine/Content/EditorMaterials/MAT_Groups_Toggle.uasset" 149
"../../../Engine/Content/EditorMaterials/MAT_Groups_Visibility.uasset" 150
"../../../Engine/Content/EditorMaterials/PreviewShadowIndicator.uasset" 151
"../../../Engine/Content/EditorMaterials/PreviewShadowIndicatorMaterial.uasset" 152
"../../../Engine/Content/EditorMaterials/MatineeGroups/MAT_ColorTrack.uasset" 153
"../../../Engine/Content/EditorMaterials/MatineeGroups/MAT_Groups_Anim.uasset" 154
"../../../Engine/Content/EditorMaterials/MatineeGroups/MAT_Groups_AudioMaster.uasset" 155
"../../../Engine/Content/EditorMaterials/MatineeGroups/MAT_Groups_Director.uasset" 156
"../../../Engine/Content/EditorMaterials/MatineeGroups/MAT_Groups_Event.uasset" 157
"../../../Engine/Content/EditorMaterials/MatineeGroups/MAT_Groups_Fade.uasset" 158
"../../../Engine/Content/EditorMaterials/MatineeGroups/MAT_Groups_Float.uasset" 159
"../../../Engine/Content/EditorMaterials/MatineeGroups/MAT_Groups_Move.uasset" 160
"../../../Engine/Content/EditorMaterials/MatineeGroups/MAT_Groups_Slomo.uasset" 161
"../../../Engine/Content/EditorMaterials/MatineeGroups/MAT_Groups_Sound.uasset" 162
"../../../Engine/Content/EditorMaterials/MatineeGroups/MAT_Groups_Vector.uasset" 163
"../../../Engine/Content/EditorMaterials/ParticleSystems/PSysThumbnail_NoImage.uasset" 164
"../../../Engine/Content/EditorMaterials/ParticleSystems/PSysThumbnail_OOD.uasset" 165
"../../../Engine/Content/EditorMaterials/Camera/CineMat.uasset" 166
"../../../Engine/Content/EditorMaterials/Camera/MI_CineMat_Rig.uasset" 167
"../../../Engine/Content/EditorMeshes/Camera/SM_CraneRig_Arm.uasset" 168
"../../../Engine/Content/EditorMeshes/Camera/SM_CraneRig_Base.uasset" 169
"../../../Engine/Content/EditorMeshes/Camera/SM_CraneRig_Body.uasset" 170
"../../../Engine/Content/EditorMeshes/Camera/SM_CraneRig_Mount.uasset" 171
"../../../Engine/Content/EditorMeshes/Camera/SM_RailRig_Mount.uasset" 172
"../../../Engine/Content/EditorMeshes/Camera/SM_RailRig_Track.uasset" 173
"../../../Engine/Content/EditorResources/BSPVertex.uasset" 174
"../../../Engine/Content/EditorResources/EmptyActor.uasset" 175
"../../../Engine/Content/EditorResources/S_Actor.uasset" 176
"../../../Engine/Content/EditorResources/S_Note.uasset" 177
"../../../Engine/Content/EditorResources/S_Solver.uasset" 178
"../../../Engine/Content/EditorResources/S_Trigger.uasset" 179
"../../../Engine/Content/EditorResources/AudioIcons/S_AudioComponent.uasset" 180
"../../../Engine/Content/EditorResources/AudioIcons/S_AudioComponent_AutoActivate.uasset" 181
"../../../Engine/Content/EditorResources/LightIcons/S_LightError.uasset" 182
"../../../Engine/Content/EditorResources/SequenceRecorder/Countdown.uasset" 183
"../../../Engine/Content/EditorResources/SequenceRecorder/RecordingIndicator.uasset" 184
"../../../Engine/Content/EditorSounds/Notifications/CompileFailed.uasset" 185
"../../../Engine/Content/EditorSounds/Notifications/CompileFailed_Cue.uasset" 186
"../../../Engine/Content/EditorSounds/Notifications/CompileSuccess.uasset" 187
"../../../Engine/Content/EditorSounds/Notifications/CompileStart_Cue.uasset" 188
"../../../Engine/Content/EditorSounds/Notifications/CompileSuccess_Cue.uasset" 189
"../../../Engine/Content/EngineDamageTypes/DmgTypeBP_Environmental.uasset" 190
"../../../Engine/Content/EngineDebugMaterials/HeatmapGradient.uasset" 191
"../../../Engine/Content/EngineDebugMaterials/BoneWeightMaterial.uasset" 192
"../../../Engine/Content/EngineDebugMaterials/ClothMaterial.uasset" 193
"../../../Engine/Content/EngineDebugMaterials/ClothMaterial_WF.uasset" 194
"../../../Engine/Content/EngineDebugMaterials/DebugEditorMaterial.uasset" 195
"../../../Engine/Content/EngineDebugMaterials/DebugMeshMaterial.uasset" 196
"../../../Engine/Content/EngineDebugMaterials/GeomMaterial.uasset" 197
"../../../Engine/Content/EngineDebugMaterials/M_SimpleTranslucent.uasset" 198
"../../../Engine/Content/Functions/Engine_MaterialFunctions02/Utility/CameraDirectionVector.uasset" 199
"../../../Engine/Content/EngineDebugMaterials/VolumeToRender.uasset" 200
"../../../Engine/Content/EngineDebugMaterials/M_VolumeRenderSphereTracePP.uasset" 201
"../../../Engine/Content/EngineDebugMaterials/WireframeMaterial.uasset" 202
"../../../Engine/Content/EngineFonts/Faces/RobotoBold.uasset" 203
"../../../Engine/Content/EngineFonts/Faces/RobotoBoldItalic.uasset" 204
"../../../Engine/Content/EngineFonts/Faces/RobotoItalic.uasset" 205
"../../../Engine/Content/EngineFonts/Faces/RobotoLight.uasset" 206
"../../../Engine/Content/EngineFonts/Faces/RobotoRegular.uasset" 207
"../../../Engine/Content/EngineFonts/Roboto.uasset" 208
"../../../Engine/Content/EngineMaterials/BaseFlattenDiffuseMap.uasset" 209
"../../../Engine/Content/EngineMaterials/BaseFlattenEmissiveMap.uasset" 210
"../../../Engine/Content/EngineMaterials/BaseFlattenGrayscaleMap.uasset" 211
"../../../Engine/Content/EngineMaterials/BaseFlattenNormalMap.uasset" 212
"../../../Engine/Content/EngineMaterials/BaseFlattenMaterial.uasset" 213
"../../../Engine/Content/EngineMaterials/BlueNoise.uasset" 214
"../../../Engine/Content/EngineMaterials/DefaultBloomKernel.uasset" 215
"../../../Engine/Content/EngineMaterials/DefaultBokeh.uasset" 216
"../../../Engine/Content/EngineMaterials/DefaultDiffuse.uasset" 217
"../../../Engine/Content/EngineMaterials/DefaultDeferredDecalMaterial.uasset" 218
"../../../Engine/Content/EngineMaterials/DefaultLightFunctionMaterial.uasset" 219
"../../../Engine/Content/EngineMaterials/DefaultPhysicalMaterial.uasset" 220
"../../../Engine/Content/Functions/Engine_MaterialFunctions02/Utility/BreakOutFloat2Components.uasset" 221
"../../../Engine/Content/EngineMaterials/DefaultPostProcessMaterial.uasset" 222
"../../../Engine/Content/EngineFonts/RobotoDistanceField.uasset" 223
"../../../Engine/Content/EngineMaterials/DefaultTextMaterialOpaque.uasset" 224
"../../../Engine/Content/EngineMaterials/DefaultVirtualTextureMaterial.uasset" 225
"../../../Engine/Content/EngineMaterials/DefaultWhiteGrid.uasset" 226
"../../../Engine/Content/EngineMaterials/EditorBrushMaterial.uasset" 227
"../../../Engine/Content/EngineMaterials/DefaultWhiteGrid_Low.uasset" 228
"../../../Engine/Content/EngineMaterials/EmissiveMeshMaterial.uasset" 229
"../../../Engine/Content/EngineMaterials/Good64x64TilingNoiseHighFreq.uasset" 230
"../../../Engine/Content/EngineMaterials/MiniFont.uasset" 231
"../../../Engine/Content/EngineMaterials/InvalidLightmapSettings.uasset" 232
"../../../Engine/Content/EngineMaterials/M_InvalidLightmapSettings.uasset" 233
"../../../Engine/Content/Functions/Engine_MaterialFunctions02/WorldPositionOffset/CameraOffset.uasset" 234
"../../../Engine/Content/EngineMaterials/PhAT_JointLimitMaterial.uasset" 235
"../../../Engine/Content/EngineMaterials/PreintegratedSkinBRDF.uasset" 236
"../../../Engine/Content/EngineMaterials/RemoveSurfaceMaterial.uasset" 237
"../../../Engine/Content/EngineMaterials/WeightMapPlaceholderTexture.uasset" 238
"../../../Engine/Content/EngineResources/WhiteSquareTexture.uasset" 239
"../../../Engine/Content/EngineMaterials/Widget3DPassThrough.uasset" 240
"../../../Engine/Content/EngineMaterials/Widget3DPassThrough_Masked.uasset" 241
"../../../Engine/Content/EngineMaterials/Widget3DPassThrough_Opaque.uasset" 242
"../../../Engine/Content/EngineMaterials/Widget3DPassThrough_Masked_OneSided.uasset" 243
"../../../Engine/Content/EngineMaterials/Widget3DPassThrough_Opaque_OneSided.uasset" 244
"../../../Engine/Content/EngineMaterials/Widget3DPassThrough_Translucent.uasset" 245
"../../../Engine/Content/EngineMaterials/Widget3DPassThrough_Translucent_OneSided.uasset" 246
"../../../Engine/Content/EngineMeshes/Cylinder.uasset" 247
"../../../Engine/Content/EngineMeshes/Sphere.uasset" 248
"../../../Engine/Content/EngineResources/Black.uasset" 249
"../../../Engine/Content/EngineResources/DefaultTexture.uasset" 250
"../../../Engine/Content/EngineResources/DefaultTextureCube.uasset" 251
"../../../Engine/Content/EngineResources/DefaultVolumeTexture2D.uasset" 252
"../../../Engine/Content/EngineResources/DefaultVolumeTexture.uasset" 253
"../../../Engine/Content/EngineResources/GradientTexture0.uasset" 254
"../../../Engine/Content/EngineSounds/Master.uasset" 255
"../../../Engine/Content/Functions/Engine_MaterialFunctions01/Shading/ConvertFromDiffSpec.uasset" 256
"../../../Engine/Content/Functions/Engine_MaterialFunctions01/Shading/PowerToRoughness.uasset" 257
"../../../Engine/Content/Maps/Templates/Thumbnails/Default.uasset" 258
"../../../Engine/Content/Maps/Templates/Thumbnails/VR-Basic.uasset" 259
"../../../Engine/Content/MobileResources/T_MobileControls_texture.uasset" 260
"../../../Engine/Content/MobileResources/T_MobileMenu2.uasset" 261
"../../../Engine/Content/MobileResources/HUD/AnalogHat.uasset" 262
"../../../Engine/Content/MobileResources/HUD/VirtualJoystick_Background.uasset" 263
"../../../Engine/Content/MobileResources/HUD/VirtualJoystick_Thumb.uasset" 264
"../../../Engine/Content/MobileResources/HUD/DefaultVirtualJoysticks.uasset" 265
"../../../Engine/Content/MobileResources/HUD/LeftVirtualJoystickOnly.uasset" 266
"../../../Engine/Content/MobileResources/HUD/MobileHUDButton1_off.uasset" 267
"../../../Engine/Content/MobileResources/HUD/MobileHUDButton1_on.uasset" 268
"../../../Engine/Content/MobileResources/HUD/MobileHUDButton2_off.uasset" 269
"../../../Engine/Content/MobileResources/HUD/MobileHUDButton2_on.uasset" 270
"../../../Engine/Content/MobileResources/HUD/MobileHUDButton3.uasset" 271
"../../../Engine/Content/MobileResources/HUD/MobileHUDButtonFire.uasset" 272
"../../../Engine/Content/MobileResources/HUD/MobileHUDDirectionPad.uasset" 273
"../../../Engine/Content/MobileResources/HUD/MobileHUDDirectionPad2.uasset" 274
"../../../Engine/Content/MobileResources/HUD/MobileHUDDirectionPad3.uasset" 275
"../../../Engine/Content/MobileResources/HUD/MobileHUDDirectionStick.uasset" 276
"../../../Engine/Content/MobileResources/HUD/T_Castle_ThumbstickInner.uasset" 277
"../../../Engine/Content/MobileResources/HUD/T_Castle_ThumbstickOutter.uasset" 278
"../../../Engine/Content/Tutorial/ContentIntroCurve.uasset" 279
"../../../Engine/Content/Tutorial/Basics/ContentBrowserOverview.uasset" 280
"../../../Engine/Content/Tutorial/Basics/FeaturePacks.uasset" 281
"../../../Engine/Content/Tutorial/Basics/LevelEditorAttract.uasset" 282
"../../../Engine/Content/Tutorial/Basics/TutorialAssets/icon_tab_Levels_40x.uasset" 283
"../../../Engine/Content/Tutorial/Basics/LevelEditorOverview.uasset" 284
"../../../Engine/Content/Tutorial/Basics/TutorialAssets/CameraActor_64x.uasset" 285
"../../../Engine/Content/Tutorial/Basics/ViewportsTutorial.uasset" 286
"../../../Engine/Content/Tutorial/BlueprintTutorials/TutorialAssets/Blueprint_64x.uasset" 287
"../../../Engine/Content/Tutorial/BlueprintTutorials/BlueprintEditorTutorial.uasset" 288
"../../../Engine/Content/Tutorial/BlueprintTutorials/TutorialAssets/BlueprintInterface_64x.uasset" 289
"../../../Engine/Content/Tutorial/BlueprintTutorials/BlueprintInterfacesEditorOverview.uasset" 290
"../../../Engine/Content/Tutorial/BlueprintTutorials/TutorialAssets/BlueprintMacroLibrary_64x.uasset" 291
"../../../Engine/Content/Tutorial/BlueprintTutorials/BlueprintMacroLibrariesEditorOverview.uasset" 292
"../../../Engine/Content/Tutorial/BlueprintTutorials/ClassBlueprintsEditorOverview.uasset" 293
"../../../Engine/Content/Tutorial/BlueprintTutorials/LevelBlueprintEditorOverview.uasset" 294
"../../../Engine/Content/EditorBlueprintResources/ActorMacros.uasset" 295
"../../../Engine/Content/Tutorial/BlueprintTutorials/TutorialAssets/Tutorial_BP_Class.uasset" 296
"../../../Engine/Content/Tutorial/BlueprintTutorials/TutorialAssets/Tutorial_BP_Interface.uasset" 297
"../../../Engine/Content/Tutorial/BlueprintTutorials/TutorialAssets/Tutorial_BP_MacroLib.uasset" 298
"../../../Engine/Content/Tutorial/Code/AddingCode.uasset" 299
"../../../Engine/Content/Tutorial/InWorldBlueprintEditing/IWBE_Tutorial.uasset" 300
"../../../Engine/Content/Tutorial/InWorldBlueprintEditing/IWBE_Tutorial_Part2.uasset" 301
"../../../Engine/Content/Tutorial/InWorldBlueprintEditing/IWBE_Tutorial_Part3.uasset" 302
"../../../Engine/Content/Tutorial/Landscape/TutorialAssets/Landscape.uasset" 303
"../../../Engine/Content/Tutorial/Landscape/LandscapeWalkThrough.uasset" 304
"../../../Engine/Content/Tutorial/Landscape/Landscape_Manage_Mode.uasset" 305
"../../../Engine/Content/Tutorial/Landscape/Landscape_Painting_Mode.uasset" 306
"../../../Engine/Content/Tutorial/Landscape/Landscape_Sculpt_Mode.uasset" 307
"../../../Engine/Content/Tutorial/SubEditors/MaterialEditorTutorial.uasset" 308
"../../../Engine/Content/Tutorial/SubEditors/ParticleSystemEditorTutorial.uasset" 309
"../../../Engine/Content/Tutorial/SubEditors/TutorialAssets/TutorialMaterial.uasset" 310
"../../../Engine/Content/Tutorial/SubEditors/TutorialAssets/T_SmokeSubUV_8X8.uasset" 311
"../../../Engine/Content/Tutorial/SubEditors/TutorialAssets/T_soft_smoke.uasset" 312
"../../../Engine/Content/Tutorial/SubEditors/TutorialAssets/M_smoke_subUV_blackbody.uasset" 313
"../../../Engine/Content/Tutorial/SubEditors/TutorialAssets/TutorialParticleSystem.uasset" 314
"../../../Engine/Content/VREditor/LaserPointer/VR_LaserPower_01.uasset" 315
"../../../Engine/Content/VREditor/TransformGizmo/TransformGizmoMaterial.uasset" 316
"../../../Engine/Content/VREditor/TransformGizmo/TranslucentTransformGizmoMaterial.uasset" 317
"../../../Engine/Content/VREditor/TransformGizmo/BoundingBoxCorner.uasset" 318
"../../../Engine/Content/VREditor/TransformGizmo/BoundingBoxEdge.uasset" 319
"../../../Engine/Content/VREditor/TransformGizmo/PlaneTranslationHandle.uasset" 320
"../../../Engine/Content/VREditor/TransformGizmo/Main.uasset" 321
"../../../Engine/Content/VREditor/TransformGizmo/Xray.uasset" 322
"../../../Engine/Content/VREditor/TransformGizmo/SM_Sequencer_Key.uasset" 323
"../../../Engine/Content/VREditor/TransformGizmo/SM_Sequencer_Node.uasset" 324
"../../Plugins/2D/Paper2D/Content/PlaceholderTextures/DummySpriteTexture.uasset" 325
"../../Plugins/2D/Paper2D/Content/DummySprite.uasset" 326
"../../Plugins/2D/Paper2D/Content/DefaultPaperTerrainMaterial.uasset" 327
"../../Plugins/2D/Paper2D/Content/DummySpriteTexture.uasset" 328
"../../Plugins/2D/Paper2D/Content/DefaultSpriteMaterial.uasset" 329
"../../Plugins/2D/Paper2D/Content/MaskedUnlitSpriteMaterial.uasset" 330
"../../Plugins/2D/Paper2D/Content/OpaqueUnlitSpriteMaterial.uasset" 331
"../../Plugins/Runtime/Oculus/OculusVR/Content/OculusMR_RenderTarget.uasset" 332
"../../../Engine/Content/Functions/Engine_MaterialFunctions02/Utility/BreakOutFloat4Components.uasset" 333
"../../../Engine/Content/Functions/Engine_MaterialFunctions02/Utility/MakeFloat2.uasset" 334
"../../../Engine/Content/Functions/Engine_MaterialFunctions02/Utility/MakeFloat3.uasset" 335
"../../Plugins/Runtime/Oculus/OculusVR/Content/Materials/OculusMR_ChromaKey.uasset" 336
"../../Plugins/Runtime/Oculus/OculusVR/Content/Materials/OculusMR_ChromaKey_Lit.uasset" 337
"../../Plugins/Runtime/Oculus/OculusVR/Content/Materials/OculusMR_OpaqueColoredMaterial.uasset" 338
"../../Plugins/Runtime/Oculus/OculusVR/Content/Materials/OculusMR_WhiteMaterial.uasset" 339
"../../../Engine/Content/EngineSky/C_Sky_Cloud_Color.uasset" 340
"../../../Engine/Content/EngineSky/C_Sky_Horizon_Color.uasset" 341
"../../../Engine/Content/EngineSky/C_Sky_Zenith_Color.uasset" 342
"../../../Engine/Content/EngineSky/T_Sky_Blue.uasset" 343
"../../../Engine/Content/EngineSky/T_Sky_Clouds_M.uasset" 344
"../../../Engine/Content/EngineSky/T_Sky_Stars.uasset" 345
"../../../Engine/Content/EngineSky/M_Sky_Panning_Clouds2.uasset" 346
"../../../Engine/Content/EngineSky/SM_SkySphere.uasset" 347
"../../../Engine/Content/EngineSky/BP_Sky_Sphere.uasset" 348
"G:/Documents/Unreal Projects/Poltergeists/Content/Geometry/Meshes/LivingRoom/M_Vertex.uasset" 349
"G:/Documents/Unreal Projects/Poltergeists/Content/Geometry/Meshes/LivingRoom/SM_Door.uasset" 350
"G:/Documents/Unreal Projects/Poltergeists/Content/Blueprints/ScareSpots/BP_Door.uasset" 351
"G:/Documents/Unreal Projects/Poltergeists/Content/Blueprints/BP_Door.uasset" 352
"G:/Documents/Unreal Projects/Poltergeists/Content/Blueprints/Widgets/RechargeTimer.uasset" 353
"G:/Documents/Unreal Projects/Poltergeists/Content/Geometry/Meshes/LivingRoom/M_Vertex_Translucent.uasset" 354
"G:/Documents/Unreal Projects/Poltergeists/Content/Geometry/Meshes/LivingRoom/SM_Lamp_SM_LampLeg.uasset" 355
"G:/Documents/Unreal Projects/Poltergeists/Content/Geometry/Meshes/LivingRoom/SM_Lamp_SM_Lampshade.uasset" 356
"G:/Documents/Unreal Projects/Poltergeists/Content/Blueprints/ScareSpots/SS_Lamp.uasset" 357
"G:/Documents/Unreal Projects/Poltergeists/Content/Blueprints/ScareSpots/BP_Lamp.uasset" 358
"G:/Documents/Unreal Projects/Poltergeists/Content/Blueprints/BP_Lamp.uasset" 359
"G:/Documents/Unreal Projects/Poltergeists/Content/Blueprints/ScareSpots/BP_ScareObject.uasset" 360
"G:/Documents/Unreal Projects/Poltergeists/Content/Blueprints/BP_ScareObject.uasset" 361
"../../../Engine/Content/Functions/Engine_MaterialFunctions02/ExampleContent/Textures/flipbook.uasset" 362
"../../../Engine/Content/Functions/Engine_MaterialFunctions02/Texturing/FlipBook.uasset" 363
"G:/Documents/Unreal Projects/Poltergeists/Content/Geometry/Meshes/LivingRoom/TellyNoize.uasset" 364
"G:/Documents/Unreal Projects/Poltergeists/Content/Geometry/Meshes/LivingRoom/M_TellyScreen.uasset" 365
"G:/Documents/Unreal Projects/Poltergeists/Content/Geometry/Meshes/LivingRoom/SM_Telly_SM_TellyFrame.uasset" 366
"G:/Documents/Unreal Projects/Poltergeists/Content/Geometry/Meshes/LivingRoom/SM_Telly_SM_TellyScreen.uasset" 367
"G:/Documents/Unreal Projects/Poltergeists/Content/Geometry/Meshes/LivingRoom/SM_Telly_SM_TellyStand.uasset" 368
"G:/Documents/Unreal Projects/Poltergeists/Content/Blueprints/ScareSpots/SS_Television.uasset" 369
"G:/Documents/Unreal Projects/Poltergeists/Content/Blueprints/ScareSpots/BP_Telly.uasset" 370
"G:/Documents/Unreal Projects/Poltergeists/Content/Blueprints/BP_Telly.uasset" 371
"G:/Documents/Unreal Projects/Poltergeists/Content/Blueprints/Widgets/BPI_Interact.uasset" 372
"G:/Documents/Unreal Projects/Poltergeists/Content/Geometry/Meshes/LivingRoom/SM_TellyStand_SM_DrawHandle.uasset" 373
"G:/Documents/Unreal Projects/Poltergeists/Content/Geometry/Meshes/LivingRoom/SM_TellyStand_SM_leftHandle.uasset" 374
"G:/Documents/Unreal Projects/Poltergeists/Content/Geometry/Meshes/LivingRoom/SM_TellyStand_SM_LeftStandDoor.uasset" 375
"G:/Documents/Unreal Projects/Poltergeists/Content/Geometry/Meshes/LivingRoom/SM_TellyStand_SM_RightHandle.uasset" 376
"G:/Documents/Unreal Projects/Poltergeists/Content/Geometry/Meshes/LivingRoom/SM_TellyStand_SM_RightStandDoor.uasset" 377
"G:/Documents/Unreal Projects/Poltergeists/Content/Geometry/Meshes/LivingRoom/SM_TellyStand_SM_StandDraw.uasset" 378
"G:/Documents/Unreal Projects/Poltergeists/Content/Geometry/Meshes/LivingRoom/SM_TellyStand_SM_TellyStand.uasset" 379
"G:/Documents/Unreal Projects/Poltergeists/Content/Blueprints/ScareSpots/BP_TellyStand.uasset" 380
"G:/Documents/Unreal Projects/Poltergeists/Content/Blueprints/BP_TellyStand.uasset" 381
"G:/Documents/Unreal Projects/Poltergeists/Content/Geometry/Meshes/LivingRoom/Cell.uasset" 382
"G:/Documents/Unreal Projects/Poltergeists/Content/Geometry/Meshes/LivingRoom/M_CellShade.uasset" 383
"G:/Documents/Unreal Projects/Poltergeists/Content/Geometry/Meshes/LivingRoom/SM_Book1_SM_Book2.uasset" 384
"G:/Documents/Unreal Projects/Poltergeists/Content/Geometry/Meshes/LivingRoom/SM_Bookcase_SM_Bookcase.uasset" 385
"G:/Documents/Unreal Projects/Poltergeists/Content/Geometry/Meshes/LivingRoom/SM_Couch_SM_Couch.uasset" 386
"G:/Documents/Unreal Projects/Poltergeists/Content/Geometry/Meshes/LivingRoom/SM_Floor.uasset" 387
"G:/Documents/Unreal Projects/Poltergeists/Content/Geometry/Meshes/LivingRoom/SM_SideTable1_SM_SideTable1.uasset" 388
"G:/Documents/Unreal Projects/Poltergeists/Content/Geometry/Meshes/LivingRoom/SM_SideTable_SM_SideTable.uasset" 389
"G:/Documents/Unreal Projects/Poltergeists/Content/Geometry/Meshes/LivingRoom/SM_Walls_SM_Walls1.uasset" 390
"G:/Documents/Unreal Projects/Poltergeists/Content/Maps/DevelopmentLevel.umap" 391
"G:/Documents/Unreal Projects/Poltergeists/Content/Blueprints/AI/Mesh/SK_Character_SciFiCity_Skeleton.uasset" 392
"G:/Documents/Unreal Projects/Poltergeists/Content/Blueprints/AI/Animation/UE_ThirdPerson_Jump.uasset" 393
"G:/Documents/Unreal Projects/Poltergeists/Content/Blueprints/AI/Animation/UE_ThirdPersonJump_Loop.uasset" 394
"G:/Documents/Unreal Projects/Poltergeists/Content/Blueprints/AI/Animation/UE_ThirdPersonJump_Start.uasset" 395
"G:/Documents/Unreal Projects/Poltergeists/Content/Blueprints/AI/Animation/UE_ThirdPersonIdle.uasset" 396
"G:/Documents/Unreal Projects/Poltergeists/Content/Blueprints/AI/Animation/UE_ThirdPersonRun.uasset" 397
"G:/Documents/Unreal Projects/Poltergeists/Content/Blueprints/AI/Mesh/UE_ThirdPersonWalk.uasset" 398
"G:/Documents/Unreal Projects/Poltergeists/Content/Blueprints/AI/Animation/UE_ThirdPerson_IdleRun_2D.uasset" 399
"G:/Documents/Unreal Projects/Poltergeists/Content/Blueprints/AI/Animation/ABP_Woman.uasset" 400
"G:/Documents/Unreal Projects/Poltergeists/Content/Blueprints/AI/Mesh/SK_Character_Rich_Female_01.uasset" 401
"G:/Documents/Unreal Projects/Poltergeists/Content/Blueprints/AI/BP_Victim.uasset" 402
"G:/Documents/Unreal Projects/Poltergeists/Content/Blueprints/Widgets/CooldownCounter.uasset" 403
"G:/Documents/Unreal Projects/Poltergeists/Content/Blueprints/Player/BP_PlayerPoltergeist.uasset" 404
"G:/Documents/Unreal Projects/Poltergeists/Content/Geometry/Meshes/LivingRoom/SM_Book2_SM_Book1.uasset" 405
"G:/Documents/Unreal Projects/Poltergeists/Content/Geometry/Meshes/LivingRoom/SM_Book_SM_Book.uasset" 406
"G:/Documents/Unreal Projects/Poltergeists/Content/Blueprints/ScareSpots/SS_Bookshelf.uasset" 407
"G:/Documents/Unreal Projects/Poltergeists/Content/Maps/George_BuiltData.uasset" 408
"../../../Engine/Content/BasicShapes/BasicShapeMaterial.uasset" 409
"G:/Documents/Unreal Projects/Poltergeists/Content/M_GhostCloth1.uasset" 410
"../../../Engine/Content/BasicShapes/Cube.uasset" 411
"G:/Documents/Unreal Projects/Poltergeists/Content/Blueprints/Widgets/HUD.uasset" 412
"G:/Documents/Unreal Projects/Poltergeists/Content/Maps/George.umap" 413
"G:/Documents/Unreal Projects/Poltergeists/Content/Maps/MenuMap.umap" 414
"G:/Documents/Unreal Projects/Poltergeists/Content/Blueprints/AI/BP_AI_Woman.uasset" 415
"G:/Documents/Unreal Projects/Poltergeists/Content/Maps/MineNowBittttcccchhh.umap" 416
"G:/Documents/Unreal Projects/Poltergeists/Content/StarterContent/Blueprints/Assets/FogBrightnessLUT.uasset" 417
"G:/Documents/Unreal Projects/Poltergeists/Content/StarterContent/Blueprints/Assets/SunlightColorLUT.uasset" 418
"G:/Documents/Unreal Projects/Poltergeists/Content/StarterContent/Blueprints/Assets/M_LightStage_Arrows.uasset" 419
"../../../Engine/Content/MapTemplates/Sky/DaylightAmbientCubemap.uasset" 420
"G:/Documents/Unreal Projects/Poltergeists/Content/StarterContent/Blueprints/Assets/M_LightStage_Skybox_Master.uasset" 421
"G:/Documents/Unreal Projects/Poltergeists/Content/StarterContent/Blueprints/Assets/M_LightStage_Skybox_Black.uasset" 422
"G:/Documents/Unreal Projects/Poltergeists/Content/StarterContent/Blueprints/Assets/M_LightStage_Skybox_HDRI.uasset" 423
"../../../Engine/Content/EditorMaterials/Thumbnails/SkySphereMaterial.uasset" 424
"G:/Documents/Unreal Projects/Poltergeists/Content/StarterContent/Blueprints/Assets/Skybox.uasset" 425
"G:/Documents/Unreal Projects/Poltergeists/Content/StarterContent/Blueprints/Assets/SM_Arrows.uasset" 426
"G:/Documents/Unreal Projects/Poltergeists/Content/StarterContent/HDRI/HDRI_Epic_Courtyard_Daylight.uasset" 427
"G:/Documents/Unreal Projects/Poltergeists/Content/StarterContent/Blueprints/BP_LightStudio.uasset" 428
"G:/Documents/Unreal Projects/Poltergeists/Content/StarterContent/Maps/Advanced_Lighting_BuiltData.uasset" 429
"G:/Documents/Unreal Projects/Poltergeists/Content/StarterContent/Materials/M_AssetPlatform.uasset" 430
"../../../Engine/Content/EditorMeshes/ColorCalibrator/M_ChromeBall.uasset" 431
"../../../Engine/Content/EditorMeshes/ColorCalibrator/M_ClearCoat.uasset" 432
"../../../Engine/Content/EditorMeshes/ColorCalibrator/M_ClearCoatBlack.uasset" 433
"../../../Engine/Content/EditorMeshes/ColorCalibrator/Color_checker.uasset" 434
"../../../Engine/Content/EditorMeshes/ColorCalibrator/M_ColorGrid.uasset" 435
"../../../Engine/Content/EditorMeshes/ColorCalibrator/M_GreyBall.uasset" 436
"../../../Engine/Content/EditorMeshes/ColorCalibrator/SM_ColorCalibrator.uasset" 437
"G:/Documents/Unreal Projects/Poltergeists/Content/StarterContent/Architecture/SM_AssetPlatform.uasset" 438
"G:/Documents/Unreal Projects/Poltergeists/Content/StarterContent/Maps/Advanced_Lighting.umap" 439
"G:/Documents/Unreal Projects/Poltergeists/Content/StarterContent/Maps/Minimal_Default_BuiltData.uasset" 440
"G:/Documents/Unreal Projects/Poltergeists/Content/StarterContent/Textures/T_MacroVariation.uasset" 441
"G:/Documents/Unreal Projects/Poltergeists/Content/StarterContent/Materials/M_Metal_Brushed_Nickel.uasset" 442
"G:/Documents/Unreal Projects/Poltergeists/Content/StarterContent/Textures/T_Metal_Aluminum_D.uasset" 443
"G:/Documents/Unreal Projects/Poltergeists/Content/StarterContent/Textures/T_Metal_Gold_N.uasset" 444
"G:/Documents/Unreal Projects/Poltergeists/Content/StarterContent/Materials/M_Metal_Burnished_Steel.uasset" 445
"G:/Documents/Unreal Projects/Poltergeists/Content/StarterContent/Textures/T_Metal_Copper_D.uasset" 446
"G:/Documents/Unreal Projects/Poltergeists/Content/StarterContent/Materials/M_Metal_Copper.uasset" 447
"G:/Documents/Unreal Projects/Poltergeists/Content/StarterContent/Textures/T_Statue_M.uasset" 448
"G:/Documents/Unreal Projects/Poltergeists/Content/StarterContent/Textures/T_Statue_N.uasset" 449
"G:/Documents/Unreal Projects/Poltergeists/Content/StarterContent/Props/Materials/M_StatueGlass.uasset" 450
"G:/Documents/Unreal Projects/Poltergeists/Content/StarterContent/Architecture/Floor_400x400.uasset" 451
"G:/Documents/Unreal Projects/Poltergeists/Content/StarterContent/Audio/Starter_Background_Cue.uasset" 452
"G:/Documents/Unreal Projects/Poltergeists/Content/StarterContent/Props/SM_Chair.uasset" 453
"G:/Documents/Unreal Projects/Poltergeists/Content/StarterContent/Props/Materials/M_Statue.uasset" 454
"G:/Documents/Unreal Projects/Poltergeists/Content/StarterContent/Props/SM_Statue.uasset" 455
"G:/Documents/Unreal Projects/Poltergeists/Content/StarterContent/Textures/T_TableRound_M.uasset" 456
"G:/Documents/Unreal Projects/Poltergeists/Content/StarterContent/Textures/T_TableRound_N.uasset" 457
"G:/Documents/Unreal Projects/Poltergeists/Content/StarterContent/Props/Materials/M_TableRound.uasset" 458
"G:/Documents/Unreal Projects/Poltergeists/Content/StarterContent/Props/SM_TableRound.uasset" 459
"G:/Documents/Unreal Projects/Poltergeists/Content/StarterContent/Maps/Minimal_Default.umap" 460
"G:/Documents/Unreal Projects/Poltergeists/Content/StarterContent/Audio/Fire01_Cue.uasset" 461
"G:/Documents/Unreal Projects/Poltergeists/Content/StarterContent/Textures/T_Fire_SubUV.uasset" 462
"G:/Documents/Unreal Projects/Poltergeists/Content/StarterContent/Textures/T_Fire_Tiled_D.uasset" 463
"G:/Documents/Unreal Projects/Poltergeists/Content/StarterContent/Particles/Materials/M_Fire_SubUV.uasset" 464
"G:/Documents/Unreal Projects/Poltergeists/Content/StarterContent/Textures/T_Water_N.uasset" 465
"G:/Documents/Unreal Projects/Poltergeists/Content/StarterContent/Particles/Materials/M_Heat_Distortion.uasset" 466
"G:/Documents/Unreal Projects/Poltergeists/Content/StarterContent/Particles/Materials/M_Radial_Gradient.uasset" 467
"G:/Documents/Unreal Projects/Poltergeists/Content/StarterContent/Particles/P_Fire.uasset" 468
"G:/Documents/Unreal Projects/Poltergeists/Content/StarterContent/Blueprints/Blueprint_Effect_Fire.uasset" 469
"G:/Documents/Unreal Projects/Poltergeists/Content/StarterContent/Audio/Smoke01_Cue.uasset" 470
"G:/Documents/Unreal Projects/Poltergeists/Content/StarterContent/Particles/P_Smoke.uasset" 471
"G:/Documents/Unreal Projects/Poltergeists/Content/StarterContent/Blueprints/Blueprint_Effect_Smoke.uasset" 472
"G:/Documents/Unreal Projects/Poltergeists/Content/StarterContent/Audio/Fire_Sparks01_Cue.uasset" 473
"G:/Documents/Unreal Projects/Poltergeists/Content/StarterContent/Textures/T_Spark_Core.uasset" 474
"G:/Documents/Unreal Projects/Poltergeists/Content/StarterContent/Particles/Materials/M_Spark.uasset" 475
"G:/Documents/Unreal Projects/Poltergeists/Content/StarterContent/Particles/P_Sparks.uasset" 476
"G:/Documents/Unreal Projects/Poltergeists/Content/StarterContent/Blueprints/Blueprint_Effect_Sparks.uasset" 477
"G:/Documents/Unreal Projects/Poltergeists/Content/StarterContent/Audio/Steam01_Cue.uasset" 478
"G:/Documents/Unreal Projects/Poltergeists/Content/StarterContent/Particles/P_Steam_Lit.uasset" 479
"G:/Documents/Unreal Projects/Poltergeists/Content/StarterContent/Blueprints/Blueprint_Effect_Steam.uasset" 480
"G:/Documents/Unreal Projects/Poltergeists/Content/StarterContent/Textures/T_Lamp_M.uasset" 481
"G:/Documents/Unreal Projects/Poltergeists/Content/StarterContent/Textures/T_Lamp_N.uasset" 482
"G:/Documents/Unreal Projects/Poltergeists/Content/StarterContent/Props/Materials/M_Lamp.uasset" 483
"G:/Documents/Unreal Projects/Poltergeists/Content/StarterContent/Props/SM_Lamp_Ceiling.uasset" 484
"G:/Documents/Unreal Projects/Poltergeists/Content/StarterContent/Blueprints/Blueprint_CeilingLight.uasset" 485
"G:/Documents/Unreal Projects/Poltergeists/Content/StarterContent/Props/SM_Lamp_Wall.uasset" 486
"G:/Documents/Unreal Projects/Poltergeists/Content/StarterContent/Blueprints/Blueprint_WallSconce.uasset" 487
"G:/Documents/Unreal Projects/Poltergeists/Content/StarterContent/Maps/StarterMap_BuiltData.uasset" 488
"../../../Engine/Content/Functions/Engine_MaterialFunctions03/Procedurals/ComputeFilterWidth.uasset" 489
"../../../Engine/Content/EngineMaterials/AntiAliasedTextMaterialTranslucent.uasset" 490
"G:/Documents/Unreal Projects/Poltergeists/Content/StarterContent/Textures/T_Brick_Clay_Beveled_D.uasset" 491
"G:/Documents/Unreal Projects/Poltergeists/Content/StarterContent/Textures/T_Brick_Clay_Beveled_M.uasset" 492
"G:/Documents/Unreal Projects/Poltergeists/Content/StarterContent/Textures/T_Brick_Clay_Beveled_N.uasset" 493
"G:/Documents/Unreal Projects/Poltergeists/Content/StarterContent/Materials/M_Brick_Clay_Beveled.uasset" 494
"G:/Documents/Unreal Projects/Poltergeists/Content/StarterContent/Textures/T_Brick_Clay_New_D.uasset" 495
"G:/Documents/Unreal Projects/Poltergeists/Content/StarterContent/Textures/T_Brick_Clay_New_M.uasset" 496
"G:/Documents/Unreal Projects/Poltergeists/Content/StarterContent/Textures/T_Brick_Clay_New_N.uasset" 497
"G:/Documents/Unreal Projects/Poltergeists/Content/StarterContent/Materials/M_Brick_Clay_New.uasset" 498
"G:/Documents/Unreal Projects/Poltergeists/Content/StarterContent/Textures/T_Brick_Clay_Old_D.uasset" 499
"G:/Documents/Unreal Projects/Poltergeists/Content/StarterContent/Textures/T_Brick_Clay_Old_N.uasset" 500
"G:/Documents/Unreal Projects/Poltergeists/Content/StarterContent/Textures/T_Perlin_Noise_M.uasset" 501
"G:/Documents/Unreal Projects/Poltergeists/Content/StarterContent/Materials/M_Brick_Clay_Old.uasset" 502
"G:/Documents/Unreal Projects/Poltergeists/Content/StarterContent/Textures/T_Brick_Cut_Stone_D.uasset" 503
"G:/Documents/Unreal Projects/Poltergeists/Content/StarterContent/Textures/T_Brick_Cut_Stone_N.uasset" 504
"G:/Documents/Unreal Projects/Poltergeists/Content/StarterContent/Materials/M_Brick_Cut_Stone.uasset" 505
"G:/Documents/Unreal Projects/Poltergeists/Content/StarterContent/Textures/T_Brick_Hewn_Stone_D.uasset" 506
"G:/Documents/Unreal Projects/Poltergeists/Content/StarterContent/Textures/T_Brick_Hewn_Stone_M.uasset" 507
"G:/Documents/Unreal Projects/Poltergeists/Content/StarterContent/Textures/T_Brick_Hewn_Stone_N.uasset" 508
"G:/Documents/Unreal Projects/Poltergeists/Content/StarterContent/Materials/M_Brick_Hewn_Stone.uasset" 509
"G:/Documents/Unreal Projects/Poltergeists/Content/StarterContent/Textures/T_Ceramic_Tile_M.uasset" 510
"G:/Documents/Unreal Projects/Poltergeists/Content/StarterContent/Textures/T_Ceramic_Tile_N.uasset" 511
"G:/Documents/Unreal Projects/Poltergeists/Content/StarterContent/Textures/T_Rock_Marble_Polished_D.uasset" 512
"G:/Documents/Unreal Projects/Poltergeists/Content/StarterContent/Materials/M_Ceramic_Tile_Checker.uasset" 513
"G:/Documents/Unreal Projects/Poltergeists/Content/StarterContent/Textures/T_CobbleStone_Pebble_D.uasset" 514
"G:/Documents/Unreal Projects/Poltergeists/Content/StarterContent/Textures/T_CobbleStone_Pebble_M.uasset" 515
"G:/Documents/Unreal Projects/Poltergeists/Content/StarterContent/Textures/T_CobbleStone_Pebble_N.uasset" 516
"G:/Documents/Unreal Projects/Poltergeists/Content/StarterContent/Materials/M_CobbleStone_Pebble.uasset" 517
"G:/Documents/Unreal Projects/Poltergeists/Content/StarterContent/Textures/T_CobbleStone_Rough_D.uasset" 518
"G:/Documents/Unreal Projects/Poltergeists/Content/StarterContent/Textures/T_CobbleStone_Rough_N.uasset" 519
"G:/Documents/Unreal Projects/Poltergeists/Content/StarterContent/Textures/T_Gradinet_01.uasset" 520
"G:/Documents/Unreal Projects/Poltergeists/Content/StarterContent/Textures/T_Rock_Smooth_Granite_D.uasset" 521
"G:/Documents/Unreal Projects/Poltergeists/Content/StarterContent/Materials/M_CobbleStone_Rough.uasset" 522
"G:/Documents/Unreal Projects/Poltergeists/Content/StarterContent/Textures/T_CobbleStone_Smooth_D.uasset" 523
"G:/Documents/Unreal Projects/Poltergeists/Content/StarterContent/Textures/T_CobbleStone_Smooth_M.uasset" 524
"G:/Documents/Unreal Projects/Poltergeists/Content/StarterContent/Textures/T_CobbleStone_Smooth_N.uasset" 525
"G:/Documents/Unreal Projects/Poltergeists/Content/StarterContent/Materials/M_CobbleStone_Smooth.uasset" 526
"G:/Documents/Unreal Projects/Poltergeists/Content/StarterContent/Textures/T_Concrete_Grime_D.uasset" 527
"G:/Documents/Unreal Projects/Poltergeists/Content/StarterContent/Textures/T_Metal_Rust_N.uasset" 528
"G:/Documents/Unreal Projects/Poltergeists/Content/StarterContent/Materials/M_Concrete_Grime.uasset" 529
"G:/Documents/Unreal Projects/Poltergeists/Content/StarterContent/Textures/T_Concrete_Panels_D.uasset" 530
"G:/Documents/Unreal Projects/Poltergeists/Content/StarterContent/Textures/T_Concrete_Panels_N.uasset" 531
"G:/Documents/Unreal Projects/Poltergeists/Content/StarterContent/Materials/M_Concrete_Panels.uasset" 532
"G:/Documents/Unreal Projects/Poltergeists/Content/StarterContent/Textures/T_Concrete_Poured_D.uasset" 533
"G:/Documents/Unreal Projects/Poltergeists/Content/StarterContent/Textures/T_Concrete_Poured_N.uasset" 534
"G:/Documents/Unreal Projects/Poltergeists/Content/StarterContent/Materials/M_Concrete_Poured.uasset" 535
"G:/Documents/Unreal Projects/Poltergeists/Content/StarterContent/Textures/T_Concrete_Tiles_D.uasset" 536
"G:/Documents/Unreal Projects/Poltergeists/Content/StarterContent/Textures/T_Concrete_Tiles_M.uasset" 537
"G:/Documents/Unreal Projects/Poltergeists/Content/StarterContent/Textures/T_Concrete_Tiles_N.uasset" 538
"G:/Documents/Unreal Projects/Poltergeists/Content/StarterContent/Textures/T_Concrete_Tiles_Variation_M.uasset" 539
"G:/Documents/Unreal Projects/Poltergeists/Content/StarterContent/Materials/M_Concrete_Tiles.uasset" 540
"G:/Documents/Unreal Projects/Poltergeists/Content/StarterContent/Textures/T_Ground_Grass_D.uasset" 541
"G:/Documents/Unreal Projects/Poltergeists/Content/StarterContent/Textures/T_Ground_Grass_N.uasset" 542
"G:/Documents/Unreal Projects/Poltergeists/Content/StarterContent/Materials/M_Ground_Grass.uasset" 543
"G:/Documents/Unreal Projects/Poltergeists/Content/StarterContent/Textures/T_Ground_Gravel_D.uasset" 544
"G:/Documents/Unreal Projects/Poltergeists/Content/StarterContent/Textures/T_Ground_Gravel_N.uasset" 545
"G:/Documents/Unreal Projects/Poltergeists/Content/StarterContent/Materials/M_Ground_Gravel.uasset" 546
"G:/Documents/Unreal Projects/Poltergeists/Content/StarterContent/Textures/T_ground_Moss_D.uasset" 547
"G:/Documents/Unreal Projects/Poltergeists/Content/StarterContent/Textures/T_Ground_Moss_N.uasset" 548
"G:/Documents/Unreal Projects/Poltergeists/Content/StarterContent/Materials/M_Ground_Moss.uasset" 549
"G:/Documents/Unreal Projects/Poltergeists/Content/StarterContent/Materials/M_Metal_Chrome.uasset" 550
"G:/Documents/Unreal Projects/Poltergeists/Content/StarterContent/Textures/T_Metal_Gold_D.uasset" 551
"G:/Documents/Unreal Projects/Poltergeists/Content/StarterContent/Materials/M_Metal_Gold.uasset" 552
"G:/Documents/Unreal Projects/Poltergeists/Content/StarterContent/Textures/T_Metal_Rust_D.uasset" 553
"G:/Documents/Unreal Projects/Poltergeists/Content/StarterContent/Materials/M_Metal_Rust.uasset" 554
"G:/Documents/Unreal Projects/Poltergeists/Content/StarterContent/Textures/T_Metal_Steel_D.uasset" 555
"G:/Documents/Unreal Projects/Poltergeists/Content/StarterContent/Textures/T_Metal_Steel_N.uasset" 556
"G:/Documents/Unreal Projects/Poltergeists/Content/StarterContent/Materials/M_Metal_Steel.uasset" 557
"G:/Documents/Unreal Projects/Poltergeists/Content/StarterContent/Textures/T_Rock_Basalt_N.uasset" 558
"G:/Documents/Unreal Projects/Poltergeists/Content/StarterContent/Materials/M_Rock_Basalt.uasset" 559
"G:/Documents/Unreal Projects/Poltergeists/Content/StarterContent/Materials/M_Rock_Marble_Polished.uasset" 560
"G:/Documents/Unreal Projects/Poltergeists/Content/StarterContent/Textures/T_Rock_Sandstone_D.uasset" 561
"G:/Documents/Unreal Projects/Poltergeists/Content/StarterContent/Textures/T_Rock_Sandstone_N.uasset" 562
"G:/Documents/Unreal Projects/Poltergeists/Content/StarterContent/Materials/M_Rock_Sandstone.uasset" 563
"G:/Documents/Unreal Projects/Poltergeists/Content/StarterContent/Textures/T_Rock_Slate_D.uasset" 564
"G:/Documents/Unreal Projects/Poltergeists/Content/StarterContent/Textures/T_Rock_Slate_N.uasset" 565
"G:/Documents/Unreal Projects/Poltergeists/Content/StarterContent/Materials/M_Rock_Slate.uasset" 566
"G:/Documents/Unreal Projects/Poltergeists/Content/StarterContent/Textures/T_Checker_Noise_M.uasset" 567
"G:/Documents/Unreal Projects/Poltergeists/Content/StarterContent/Textures/T_Single_Tile_N.uasset" 568
"G:/Documents/Unreal Projects/Poltergeists/Content/StarterContent/Textures/T_Tech_Dot_M.uasset" 569
"G:/Documents/Unreal Projects/Poltergeists/Content/StarterContent/Textures/T_Tech_Dot_N.uasset" 570
"G:/Documents/Unreal Projects/Poltergeists/Content/StarterContent/Materials/M_Tech_Checker_Dot.uasset" 571
"G:/Documents/Unreal Projects/Poltergeists/Content/StarterContent/Textures/T_Tech_Hex_Tile_M.uasset" 572
"G:/Documents/Unreal Projects/Poltergeists/Content/StarterContent/Textures/T_Tech_Hex_Tile_N.uasset" 573
"G:/Documents/Unreal Projects/Poltergeists/Content/StarterContent/Materials/M_Tech_Hex_Tile.uasset" 574
"G:/Documents/Unreal Projects/Poltergeists/Content/StarterContent/Materials/M_Tech_Hex_Tile_Pulse.uasset" 575
"G:/Documents/Unreal Projects/Poltergeists/Content/StarterContent/Textures/T_Tech_Panel_M.uasset" 576
"G:/Documents/Unreal Projects/Poltergeists/Content/StarterContent/Textures/T_Tech_Panel_N.uasset" 577
"G:/Documents/Unreal Projects/Poltergeists/Content/StarterContent/Materials/M_Tech_Panel.uasset" 578
"G:/Documents/Unreal Projects/Poltergeists/Content/StarterContent/Materials/M_Water_Lake.uasset" 579
"G:/Documents/Unreal Projects/Poltergeists/Content/StarterContent/Textures/T_Water_M.uasset" 580
"G:/Documents/Unreal Projects/Poltergeists/Content/StarterContent/Materials/M_Water_Ocean.uasset" 581
"G:/Documents/Unreal Projects/Poltergeists/Content/StarterContent/Textures/T_Wood_Floor_Walnut_D.uasset" 582
"G:/Documents/Unreal Projects/Poltergeists/Content/StarterContent/Textures/T_Wood_Floor_Walnut_M.uasset" 583
"G:/Documents/Unreal Projects/Poltergeists/Content/StarterContent/Textures/T_Wood_Floor_Walnut_N.uasset" 584
"G:/Documents/Unreal Projects/Poltergeists/Content/StarterContent/Materials/M_Wood_Floor_Walnut_Polished.uasset" 585
"../../../Engine/Content/Functions/Engine_MaterialFunctions01/Opacity/AlphaOffset.uasset" 586
"G:/Documents/Unreal Projects/Poltergeists/Content/StarterContent/Materials/M_Wood_Floor_Walnut_Worn.uasset" 587
"G:/Documents/Unreal Projects/Poltergeists/Content/StarterContent/Textures/T_Wood_Oak_D.uasset" 588
"G:/Documents/Unreal Projects/Poltergeists/Content/StarterContent/Textures/T_Wood_Oak_N.uasset" 589
"G:/Documents/Unreal Projects/Poltergeists/Content/StarterContent/Materials/M_Wood_Oak.uasset" 590
"G:/Documents/Unreal Projects/Poltergeists/Content/StarterContent/Textures/T_Wood_Pine_D.uasset" 591
"G:/Documents/Unreal Projects/Poltergeists/Content/StarterContent/Textures/T_Wood_Pine_N.uasset" 592
"G:/Documents/Unreal Projects/Poltergeists/Content/StarterContent/Materials/M_Wood_Pine.uasset" 593
"G:/Documents/Unreal Projects/Poltergeists/Content/StarterContent/Textures/T_Wood_Walnut_D.uasset" 594
"G:/Documents/Unreal Projects/Poltergeists/Content/StarterContent/Textures/T_Wood_Walnut_N.uasset" 595
"G:/Documents/Unreal Projects/Poltergeists/Content/StarterContent/Materials/M_Wood_Walnut.uasset" 596
"G:/Documents/Unreal Projects/Poltergeists/Content/StarterContent/Architecture/Wall_400x200.uasset" 597
"G:/Documents/Unreal Projects/Poltergeists/Content/StarterContent/Architecture/Wall_Door_400x300.uasset" 598
"G:/Documents/Unreal Projects/Poltergeists/Content/StarterContent/Architecture/Wall_Window_400x300.uasset" 599
"G:/Documents/Unreal Projects/Poltergeists/Content/StarterContent/Audio/Collapse_Cue.uasset" 600
"G:/Documents/Unreal Projects/Poltergeists/Content/StarterContent/Audio/Starter_Music_Cue.uasset" 601
"G:/Documents/Unreal Projects/Poltergeists/Content/StarterContent/Textures/T_Dust_Particle_D.uasset" 602
"G:/Documents/Unreal Projects/Poltergeists/Content/StarterContent/Particles/Materials/M_Dust_Particle.uasset" 603
"G:/Documents/Unreal Projects/Poltergeists/Content/StarterContent/Particles/P_Ambient_Dust.uasset" 604
"G:/Documents/Unreal Projects/Poltergeists/Content/StarterContent/Props/MaterialSphere.uasset" 605
"G:/Documents/Unreal Projects/Poltergeists/Content/StarterContent/Textures/T_Frame_M.uasset" 606
"G:/Documents/Unreal Projects/Poltergeists/Content/StarterContent/Textures/T_Frame_N.uasset" 607
"G:/Documents/Unreal Projects/Poltergeists/Content/StarterContent/Props/Materials/M_Frame.uasset" 608
"G:/Documents/Unreal Projects/Poltergeists/Content/StarterContent/Props/SM_CornerFrame.uasset" 609
"G:/Documents/Unreal Projects/Poltergeists/Content/StarterContent/Props/SM_DoorFrame.uasset" 610
"G:/Documents/Unreal Projects/Poltergeists/Content/StarterContent/Props/SM_GlassWindow.uasset" 611
"G:/Documents/Unreal Projects/Poltergeists/Content/StarterContent/Props/SM_PillarFrame.uasset" 612
"G:/Documents/Unreal Projects/Poltergeists/Content/StarterContent/Props/SM_PillarFrame300.uasset" 613
"G:/Documents/Unreal Projects/Poltergeists/Content/StarterContent/Props/SM_WindowFrame.uasset" 614
"G:/Documents/Unreal Projects/Poltergeists/Content/StarterContent/Shapes/Shape_Cube.uasset" 615
"G:/Documents/Unreal Projects/Poltergeists/Content/StarterContent/Shapes/Shape_QuadPyramid.uasset" 616
"G:/Documents/Unreal Projects/Poltergeists/Content/StarterContent/Shapes/Shape_Sphere.uasset" 617
"G:/Documents/Unreal Projects/Poltergeists/Content/StarterContent/Maps/StarterMap.umap" 618
"G:/Documents/Unreal Projects/Poltergeists/Content/TopDownBP/Maps/TopDownExampleMap.umap" 619
